-------------------------------------------------------------------------------
Test set: com.mongodb.starter.PokemonControllerIT
-------------------------------------------------------------------------------
Tests run: 1, Failures: 0, Errors: 1, Skipped: 0, Time elapsed: 0.564 s <<< FAILURE! - in com.mongodb.starter.PokemonControllerIT
com.mongodb.starter.PokemonControllerIT  Time elapsed: 0.562 s  <<< ERROR!
java.lang.IllegalStateException: Unable to find a @SpringBootConfiguration, you need to use @ContextConfiguration or @SpringBootTest(classes=...) with your test

