<?xml version="1.0" encoding="UTF-8"?>
<testsuite xmlns:xsi="http://www.w3.org/2001/XMLSchema-instance" xsi:noNamespaceSchemaLocation="https://maven.apache.org/surefire/maven-surefire-plugin/xsd/surefire-test-report.xsd" name="com.mongodb.starter.PokemonControllerIT" time="0.564" tests="1" errors="1" skipped="0" failures="0">
  <properties>
[...]
</properties>
  <testcase name="com.mongodb.starter.PokemonControllerIT" classname="com.mongodb.starter.PokemonControllerIT" time="0.562">
    <error message="Unable to find a @SpringBootConfiguration, you need to use @ContextConfiguration or @SpringBootTest(classes=...) with your test" type="java.lang.IllegalStateException">java.lang.IllegalStateException: Unable to find a @SpringBootConfiguration, you need to use @ContextConfiguration or @SpringBootTest(classes=...) with your test
</error>
    <system-out><![CDATA[11:42:16.630 [main] DEBUG org.springframework.test.context.BootstrapUtils - Instantiating CacheAwareContextLoaderDelegate from class [org.springframework.test.context.cache.DefaultCacheAwareContextLoaderDelegate]
11:42:16.643 [main] DEBUG org.springframework.test.context.BootstrapUtils - Instantiating BootstrapContext using constructor [public org.springframework.test.context.support.DefaultBootstrapContext(java.lang.Class,org.springframework.test.context.CacheAwareContextLoaderDelegate)]
11:42:16.665 [main] DEBUG org.springframework.test.context.BootstrapUtils - Instantiating TestContextBootstrapper for test class [com.mongodb.starter.PokemonControllerIT] from class [org.springframework.boot.test.context.SpringBootTestContextBootstrapper]
11:42:16.678 [main] INFO org.springframework.boot.test.context.SpringBootTestContextBootstrapper - Neither @ContextConfiguration nor @ContextHierarchy found for test class [com.mongodb.starter.PokemonControllerIT], using SpringBootContextLoader
11:42:16.681 [main] DEBUG org.springframework.test.context.support.AbstractContextLoader - Did not detect default resource location for test class [com.mongodb.starter.PokemonControllerIT]: class path resource [com/mongodb/starter/PokemonControllerIT-context.xml] does not exist
11:42:16.681 [main] DEBUG org.springframework.test.context.support.AbstractContextLoader - Did not detect default resource location for test class [com.mongodb.starter.PokemonControllerIT]: class path resource [com/mongodb/starter/PokemonControllerITContext.groovy] does not exist
11:42:16.681 [main] INFO org.springframework.test.context.support.AbstractContextLoader - Could not detect default resource locations for test class [com.mongodb.starter.PokemonControllerIT]: no resource found for suffixes {-context.xml, Context.groovy}.
11:42:16.682 [main] INFO org.springframework.test.context.support.AnnotationConfigContextLoaderUtils - Could not detect default configuration classes for test class [com.mongodb.starter.PokemonControllerIT]: PokemonControllerIT does not declare any static, non-private, non-final, nested classes annotated with @Configuration.
11:42:16.709 [main] DEBUG org.springframework.test.context.support.ActiveProfilesUtils - Could not find an 'annotation declaring class' for annotation type [org.springframework.test.context.ActiveProfiles] and class [com.mongodb.starter.PokemonControllerIT]
11:42:16.810 [main] DEBUG org.springframework.test.context.BootstrapUtils - Instantiating CacheAwareContextLoaderDelegate from class [org.springframework.test.context.cache.DefaultCacheAwareContextLoaderDelegate]
11:42:16.811 [main] DEBUG org.springframework.test.context.BootstrapUtils - Instantiating BootstrapContext using constructor [public org.springframework.test.context.support.DefaultBootstrapContext(java.lang.Class,org.springframework.test.context.CacheAwareContextLoaderDelegate)]
11:42:16.811 [main] DEBUG org.springframework.test.context.BootstrapUtils - Instantiating TestContextBootstrapper for test class [com.mongodb.starter.PokemonControllerIT] from class [org.springframework.boot.test.context.SpringBootTestContextBootstrapper]
11:42:16.811 [main] INFO org.springframework.boot.test.context.SpringBootTestContextBootstrapper - Neither @ContextConfiguration nor @ContextHierarchy found for test class [com.mongodb.starter.PokemonControllerIT], using SpringBootContextLoader
11:42:16.812 [main] DEBUG org.springframework.test.context.support.AbstractContextLoader - Did not detect default resource location for test class [com.mongodb.starter.PokemonControllerIT]: class path resource [com/mongodb/starter/PokemonControllerIT-context.xml] does not exist
11:42:16.812 [main] DEBUG org.springframework.test.context.support.AbstractContextLoader - Did not detect default resource location for test class [com.mongodb.starter.PokemonControllerIT]: class path resource [com/mongodb/starter/PokemonControllerITContext.groovy] does not exist
11:42:16.812 [main] INFO org.springframework.test.context.support.AbstractContextLoader - Could not detect default resource locations for test class [com.mongodb.starter.PokemonControllerIT]: no resource found for suffixes {-context.xml, Context.groovy}.
11:42:16.812 [main] INFO org.springframework.test.context.support.AnnotationConfigContextLoaderUtils - Could not detect default configuration classes for test class [com.mongodb.starter.PokemonControllerIT]: PokemonControllerIT does not declare any static, non-private, non-final, nested classes annotated with @Configuration.
11:42:16.814 [main] DEBUG org.springframework.test.context.support.ActiveProfilesUtils - Could not find an 'annotation declaring class' for annotation type [org.springframework.test.context.ActiveProfiles] and class [com.mongodb.starter.PokemonControllerIT]
11:42:16.862 [main] DEBUG org.springframework.test.context.BootstrapUtils - Instantiating CacheAwareContextLoaderDelegate from class [org.springframework.test.context.cache.DefaultCacheAwareContextLoaderDelegate]
11:42:16.862 [main] DEBUG org.springframework.test.context.BootstrapUtils - Instantiating BootstrapContext using constructor [public org.springframework.test.context.support.DefaultBootstrapContext(java.lang.Class,org.springframework.test.context.CacheAwareContextLoaderDelegate)]
11:42:16.862 [main] DEBUG org.springframework.test.context.BootstrapUtils - Instantiating TestContextBootstrapper for test class [com.mongodb.starter.PokemonControllerIT] from class [org.springframework.boot.test.context.SpringBootTestContextBootstrapper]
11:42:16.863 [main] INFO org.springframework.boot.test.context.SpringBootTestContextBootstrapper - Neither @ContextConfiguration nor @ContextHierarchy found for test class [com.mongodb.starter.PokemonControllerIT], using SpringBootContextLoader
11:42:16.864 [main] DEBUG org.springframework.test.context.support.AbstractContextLoader - Did not detect default resource location for test class [com.mongodb.starter.PokemonControllerIT]: class path resource [com/mongodb/starter/PokemonControllerIT-context.xml] does not exist
11:42:16.864 [main] DEBUG org.springframework.test.context.support.AbstractContextLoader - Did not detect default resource location for test class [com.mongodb.starter.PokemonControllerIT]: class path resource [com/mongodb/starter/PokemonControllerITContext.groovy] does not exist
11:42:16.864 [main] INFO org.springframework.test.context.support.AbstractContextLoader - Could not detect default resource locations for test class [com.mongodb.starter.PokemonControllerIT]: no resource found for suffixes {-context.xml, Context.groovy}.
11:42:16.864 [main] INFO org.springframework.test.context.support.AnnotationConfigContextLoaderUtils - Could not detect default configuration classes for test class [com.mongodb.starter.PokemonControllerIT]: PokemonControllerIT does not declare any static, non-private, non-final, nested classes annotated with @Configuration.
11:42:16.865 [main] DEBUG org.springframework.test.context.support.ActiveProfilesUtils - Could not find an 'annotation declaring class' for annotation type [org.springframework.test.context.ActiveProfiles] and class [com.mongodb.starter.PokemonControllerIT]
]]></system-out>
  </testcase>
</testsuite>